<?xml version="1.0" encoding="UTF-8"?>
<testng-results ignored="0" total="1" passed="1" failed="0" skipped="0">
  <reporter-output>
  </reporter-output>
  <suite started-at="2025-12-01T18:14:20 IST" name="Default suite" finished-at="2025-12-01T18:15:44 IST" duration-ms="84199">
    <groups>
    </groups>
    <test started-at="2025-12-01T18:14:20 IST" name="Default test" finished-at="2025-12-01T18:15:44 IST" duration-ms="84199">
      <class name="OTC.Automation.Framework.FunExpressDIT">
        <test-method is-config="true" signature="setupFx()[pri:0, instance:OTC.Automation.Framework.FunExpressDIT@3c41ed1d]" started-at="2025-12-01T18:14:20 IST" name="setupFx" finished-at="2025-12-01T18:14:21 IST" duration-ms="1517" status="PASS">
          <reporter-output>
          </reporter-output>
        </test-method> <!-- setupFx -->
        <test-method signature="Fx()[pri:0, instance:OTC.Automation.Framework.FunExpressDIT@3c41ed1d]" started-at="2025-12-01T18:14:21 IST" name="Fx" finished-at="2025-12-01T18:15:44 IST" duration-ms="82467" status="PASS">
          <reporter-output>
          </reporter-output>
        </test-method> <!-- Fx -->
        <test-method is-config="true" signature="closee()[pri:0, instance:OTC.Automation.Framework.FunExpressDIT@3c41ed1d]" started-at="2025-12-01T18:15:44 IST" name="closee" finished-at="2025-12-01T18:15:44 IST" duration-ms="176" status="PASS">
          <reporter-output>
          </reporter-output>
        </test-method> <!-- closee -->
      </class> <!-- OTC.Automation.Framework.FunExpressDIT -->
    </test> <!-- Default test -->
  </suite> <!-- Default suite -->
</testng-results>
